<?xml version="1.0" encoding="UTF-8"?>
<testng-results ignored="0" total="1" passed="1" failed="0" skipped="0">
  <reporter-output>
  </reporter-output>
  <suite started-at="2022-12-04T21:02:24 IST" name="Default suite" finished-at="2022-12-04T21:02:41 IST" duration-ms="16970">
    <groups>
    </groups>
    <test started-at="2022-12-04T21:02:24 IST" name="Default test" finished-at="2022-12-04T21:02:41 IST" duration-ms="16970">
      <class name="vtiger.SalesToContact">
        <test-method signature="clickoncheckboxofcontactlist()[pri:0, instance:vtiger.SalesToContact@49912c99]" started-at="2022-12-04T21:02:24 IST" name="clickoncheckboxofcontactlist" finished-at="2022-12-04T21:02:41 IST" duration-ms="16888" status="PASS">
          <reporter-output>
          </reporter-output>
        </test-method> <!-- clickoncheckboxofcontactlist -->
      </class> <!-- vtiger.SalesToContact -->
    </test> <!-- Default test -->
  </suite> <!-- Default suite -->
</testng-results>
